<?xml version="1.0" encoding="UTF-8"?>
<!-- Generated by org.testng.reporters.JUnitReportReporter -->
<testsuite hostname="DESKTOP-KJQ2V0H" failures="0" tests="1" name="com.Testng_practies.Hard_Assert" time="0.013" errors="0" timestamp="25 Feb 2022 07:59:38 GMT" skipped="0">
  <testcase classname="com.Testng_practies.Hard_Assert" name="A" time="0.013"/>
</testsuite> <!-- com.Testng_practies.Hard_Assert -->
